12-Jan-16 06:50:46	This log contains information about the import schema operation into project 'ResultatPartner.IPS.Database' on computer 'DESKTOP-RD7NMP5' by user 'feng'.
12-Jan-16 06:50:46	Import of database schema has started.
12-Jan-16 06:50:55	Gathering database options
12-Jan-16 06:50:55	Gathering users
12-Jan-16 06:50:55	Gathering roles
12-Jan-16 06:50:55	Gathering application roles
12-Jan-16 06:50:55	Gathering role memberships
12-Jan-16 06:50:55	Gathering filegroups
12-Jan-16 06:50:55	Gathering full-text catalogs
12-Jan-16 06:50:55	Gathering assemblies
12-Jan-16 06:50:55	Gathering certificates
12-Jan-16 06:50:55	Gathering asymmetric keys
12-Jan-16 06:50:55	Gathering symmetric keys
12-Jan-16 06:50:55	Gathering encrypted symmetric keys
12-Jan-16 06:50:55	Gathering schemas
12-Jan-16 06:50:55	Gathering XML schema collections
12-Jan-16 06:50:55	Gathering user-defined data types
12-Jan-16 06:50:55	Gathering user-defined types
12-Jan-16 06:50:55	Gathering table types
12-Jan-16 06:50:55	Gathering unique keys for table types
12-Jan-16 06:50:55	Gathering primary keys for table types
12-Jan-16 06:50:55	Gathering indexes for table types
12-Jan-16 06:50:55	Gathering check constraints for table types
12-Jan-16 06:50:55	Gathering default constraints for table types
12-Jan-16 06:50:55	Gathering partition functions
12-Jan-16 06:50:55	Gathering partition schemes
12-Jan-16 06:50:55	Gathering functions
12-Jan-16 06:50:55	Gathering encrypted functions
12-Jan-16 06:50:55	Gathering aggregates
12-Jan-16 06:50:55	Gathering procedures
12-Jan-16 06:50:55	Gathering encrypted procedures
12-Jan-16 06:50:55	Gathering tables
12-Jan-16 06:50:55	Gathering primary keys
12-Jan-16 06:50:55	Gathering unique constraints
12-Jan-16 06:50:55	Gathering foreign keys
12-Jan-16 06:50:56	Gathering default constraints
12-Jan-16 06:50:56	Gathering check constraints
12-Jan-16 06:50:56	Gathering views
12-Jan-16 06:50:56	Gathering encrypted views
12-Jan-16 06:50:56	Gathering indexes
12-Jan-16 06:50:56	Gathering statistics
12-Jan-16 06:50:56	Gathering full-text index stoplists
12-Jan-16 06:50:56	Gathering search property lists
12-Jan-16 06:50:56	Gathering search properties
12-Jan-16 06:50:56	Gathering full-text indexes
12-Jan-16 06:50:56	Gathering column store indexes
12-Jan-16 06:50:56	Gathering spatial indexes
12-Jan-16 06:50:56	Gathering XML indexes
12-Jan-16 06:50:56	Gathering Selective XML indexes
12-Jan-16 06:50:56	Gathering encrypted triggers
12-Jan-16 06:50:56	Gathering triggers
12-Jan-16 06:50:56	Gathering encrypted and clr ddl triggers
12-Jan-16 06:50:56	Gathering ddl triggers
12-Jan-16 06:50:56	Gathering synonyms
12-Jan-16 06:50:56	Gathering defaults
12-Jan-16 06:50:56	Gathering data constraint uddt bindings
12-Jan-16 06:50:56	Gathering rules
12-Jan-16 06:50:56	Gathering data constraint uddt bindings
12-Jan-16 06:50:56	Gathering message types
12-Jan-16 06:50:56	Gathering queues
12-Jan-16 06:50:56	Gathering contracts
12-Jan-16 06:50:56	Gathering services
12-Jan-16 06:50:56	Gathering event notifications
12-Jan-16 06:50:56	Gathering remote service bindings
12-Jan-16 06:50:56	Gathering broker priorities
12-Jan-16 06:50:56	Gathering signatures
12-Jan-16 06:50:56	Gathering data compression options
12-Jan-16 06:50:56	Gathering sequence types
12-Jan-16 06:50:56	Gathering extended properties
12-Jan-16 06:50:56	Gathering credentials
12-Jan-16 06:50:56	Gathering logins
12-Jan-16 06:50:56	Gathering server audits
12-Jan-16 06:50:57	Scanning project for duplicate elements
12-Jan-16 06:50:57	Finished duplicate element processing
12-Jan-16 06:50:58	Finished importing database.
12-Jan-16 06:50:58	A summary of the import was saved to the following location: E:\ResultatPartner\2013\V5 2015\V5.1\Git\ipsv5.1_2015\ResultatPartner.IPS.Database\Import Schema Logs\ResultatPartner.IPS._20160112055046.log
12-Jan-16 06:50:58	Click Finish to continue...
